{"/home/gabriel/Desktop/fast-food-auth/src/application/use-cases/auth/auth.ts": {"path":"/home/gabriel/Desktop/fast-food-auth/src/application/use-cases/auth/auth.ts","statementMap":{"0":{"start":{"line":10,"column":7},"end":{"line":22,"column":null}},"1":{"start":{"line":12,"column":47},"end":{"line":12,"column":null}},"2":{"start":{"line":13,"column":62},"end":{"line":13,"column":null}},"3":{"start":{"line":17,"column":8},"end":{"line":17,"column":null}},"4":{"start":{"line":18,"column":23},"end":{"line":18,"column":null}},"5":{"start":{"line":19,"column":8},"end":{"line":19,"column":null}},"6":{"start":{"line":20,"column":8},"end":{"line":20,"column":null}},"7":{"start":{"line":10,"column":13},"end":{"line":10,"column":42}}},"fnMap":{"0":{"name":"(anonymous_0)","decl":{"start":{"line":11,"column":4},"end":{"line":11,"column":null}},"loc":{"start":{"line":14,"column":6},"end":{"line":14,"column":null}},"line":14},"1":{"name":"(anonymous_1)","decl":{"start":{"line":16,"column":4},"end":{"line":16,"column":12}},"loc":{"start":{"line":16,"column":47},"end":{"line":21,"column":null}},"line":16}},"branchMap":{},"s":{"0":1,"1":1,"2":1,"3":1,"4":1,"5":1,"6":1,"7":1},"f":{"0":1,"1":1},"b":{},"meta":{"lastBranch":0,"lastFunction":2,"lastStatement":8,"seen":{"s:10:7:22:Infinity":0,"f:11:4:11:Infinity":0,"s:12:47:12:Infinity":1,"s:13:62:13:Infinity":2,"f:16:4:16:12":1,"s:17:8:17:Infinity":3,"s:18:23:18:Infinity":4,"s:19:8:19:Infinity":5,"s:20:8:20:Infinity":6,"s:10:13:10:42":7}}}
,"/home/gabriel/Desktop/fast-food-auth/src/infrastructure/config/di/types.ts": {"path":"/home/gabriel/Desktop/fast-food-auth/src/infrastructure/config/di/types.ts","statementMap":{"0":{"start":{"line":1,"column":21},"end":{"line":6,"column":null}}},"fnMap":{},"branchMap":{},"s":{"0":2},"f":{},"b":{},"meta":{"lastBranch":0,"lastFunction":0,"lastStatement":1,"seen":{"s:1:21:6:Infinity":0}}}
,"/home/gabriel/Desktop/fast-food-auth/src/interfaces/controller/auth.controller.ts": {"path":"/home/gabriel/Desktop/fast-food-auth/src/interfaces/controller/auth.controller.ts","statementMap":{"0":{"start":{"line":11,"column":7},"end":{"line":22,"column":null}},"1":{"start":{"line":13,"column":47},"end":{"line":13,"column":null}},"2":{"start":{"line":14,"column":52},"end":{"line":14,"column":null}},"3":{"start":{"line":18,"column":8},"end":{"line":18,"column":null}},"4":{"start":{"line":19,"column":23},"end":{"line":19,"column":null}},"5":{"start":{"line":20,"column":8},"end":{"line":20,"column":null}},"6":{"start":{"line":11,"column":13},"end":{"line":11,"column":28}}},"fnMap":{"0":{"name":"(anonymous_0)","decl":{"start":{"line":12,"column":4},"end":{"line":12,"column":null}},"loc":{"start":{"line":15,"column":6},"end":{"line":15,"column":null}},"line":15},"1":{"name":"(anonymous_1)","decl":{"start":{"line":17,"column":4},"end":{"line":17,"column":13}},"loc":{"start":{"line":17,"column":49},"end":{"line":21,"column":null}},"line":17}},"branchMap":{},"s":{"0":1,"1":1,"2":1,"3":1,"4":1,"5":1,"6":1},"f":{"0":1,"1":1},"b":{},"meta":{"lastBranch":0,"lastFunction":2,"lastStatement":7,"seen":{"s:11:7:22:Infinity":0,"f:12:4:12:Infinity":0,"s:13:47:13:Infinity":1,"s:14:52:14:Infinity":2,"f:17:4:17:13":1,"s:18:8:18:Infinity":3,"s:19:23:19:Infinity":4,"s:20:8:20:Infinity":5,"s:11:13:11:28":6}}}
,"/home/gabriel/Desktop/fast-food-auth/src/interfaces/presenter/auth/auth.presenter.ts": {"path":"/home/gabriel/Desktop/fast-food-auth/src/interfaces/presenter/auth/auth.presenter.ts","statementMap":{"0":{"start":{"line":6,"column":8},"end":{"line":9,"column":null}}},"fnMap":{"0":{"name":"(anonymous_0)","decl":{"start":{"line":5,"column":11},"end":{"line":5,"column":18}},"loc":{"start":{"line":5,"column":51},"end":{"line":10,"column":null}},"line":5}},"branchMap":{},"s":{"0":2},"f":{"0":2},"b":{},"meta":{"lastBranch":0,"lastFunction":1,"lastStatement":1,"seen":{"f:5:11:5:18":0,"s:6:8:9:Infinity":0}}}
}
